# JRE version: Java(TM) SE Runtime Environment (8.0_111-b14) (build 1.8.0_111-b14)
# Java VM: Java HotSpot(TM) 64-Bit Server VM (25.111-b14 mixed mode linux-amd64 compressed oops)
Heap:
 def new generation   total 16896K, used 8723K [0x00000000d1e00000, 0x00000000d3050000, 0x00000000e1400000)
  eden space 15040K,  45% used [0x00000000d1e00000, 0x00000000d24b4cf8, 0x00000000d2cb0000)
  from space 1856K, 100% used [0x00000000d2e80000, 0x00000000d3050000, 0x00000000d3050000)
  to   space 1856K,   0% used [0x00000000d2cb0000, 0x00000000d2cb0000, 0x00000000d2e80000)
 tenured generation   total 37348K, used 25623K [0x00000000e1400000, 0x00000000e3879000, 0x0000000100000000)
   the space 37348K,  68% used [0x00000000e1400000, 0x00000000e2d05c60, 0x00000000e2d05e00, 0x00000000e3879000)
 Metaspace       used 25946K, capacity 26172K, committed 26624K, reserved 1073152K
  class space    used 3227K, capacity 3293K, committed 3328K, reserved 1048576K
GC Heap History (10 events):
Event: 9.866 GC heap before
{Heap before GC invocations=9 (full 0):
 def new generation   total 14784K, used 13200K [0x00000000d1e00000, 0x00000000d2e00000, 0x00000000e1400000)
  eden space 13184K, 100% used [0x00000000d1e00000, 0x00000000d2ae0000, 0x00000000d2ae0000)
  from space 1600K,   1% used [0x00000000d2c70000, 0x00000000d2c74108, 0x00000000d2e00000)
  to   space 1600K,   0% used [0x00000000d2ae0000, 0x00000000d2ae0000, 0x00000000d2c70000)
 tenured generation   total 32768K, used 31249K [0x00000000e1400000, 0x00000000e3400000, 0x0000000100000000)
   the space 32768K,  95% used [0x00000000e1400000, 0x00000000e32846f8, 0x00000000e3284800, 0x00000000e3400000)
 Metaspace       used 20451K, capacity 20654K, committed 20992K, reserved 1067008K
  class space    used 2458K, capacity 2548K, committed 2560K, reserved 1048576K
Event: 9.868 GC heap after
Heap after GC invocations=10 (full 0):
 def new generation   total 14784K, used 16K [0x00000000d1e00000, 0x00000000d2e00000, 0x00000000e1400000)
  eden space 13184K,   0% used [0x00000000d1e00000, 0x00000000d1e00000, 0x00000000d2ae0000)
  from space 1600K,   1% used [0x00000000d2ae0000, 0x00000000d2ae4108, 0x00000000d2c70000)
  to   space 1600K,   0% used [0x00000000d2c70000, 0x00000000d2c70000, 0x00000000d2e00000)
 tenured generation   total 32768K, used 31249K [0x00000000e1400000, 0x00000000e3400000, 0x0000000100000000)
   the space 32768K,  95% used [0x00000000e1400000, 0x00000000e32846f8, 0x00000000e3284800, 0x00000000e3400000)
 Metaspace       used 20451K, capacity 20654K, committed 20992K, reserved 1067008K
  class space    used 2458K, capacity 2548K, committed 2560K, reserved 1048576K
}
Event: 9.889 GC heap before
{Heap before GC invocations=10 (full 0):
 def new generation   total 14784K, used 13200K [0x00000000d1e00000, 0x00000000d2e00000, 0x00000000e1400000)
  eden space 13184K, 100% used [0x00000000d1e00000, 0x00000000d2ae0000, 0x00000000d2ae0000)
  from space 1600K,   1% used [0x00000000d2ae0000, 0x00000000d2ae4108, 0x00000000d2c70000)
  to   space 1600K,   0% used [0x00000000d2c70000, 0x00000000d2c70000, 0x00000000d2e00000)
 tenured generation   total 32768K, used 31249K [0x00000000e1400000, 0x00000000e3400000, 0x0000000100000000)
   the space 32768K,  95% used [0x00000000e1400000, 0x00000000e32846f8, 0x00000000e3284800, 0x00000000e3400000)
 Metaspace       used 20451K, capacity 20654K, committed 20992K, reserved 1067008K
  class space    used 2458K, capacity 2548K, committed 2560K, reserved 1048576K
Event: 9.891 GC heap after
Heap after GC invocations=11 (full 0):
 def new generation   total 14784K, used 16K [0x00000000d1e00000, 0x00000000d2e00000, 0x00000000e1400000)
  eden space 13184K,   0% used [0x00000000d1e00000, 0x00000000d1e00000, 0x00000000d2ae0000)
  from space 1600K,   1% used [0x00000000d2c70000, 0x00000000d2c74108, 0x00000000d2e00000)
  to   space 1600K,   0% used [0x00000000d2ae0000, 0x00000000d2ae0000, 0x00000000d2c70000)
 tenured generation   total 32768K, used 31249K [0x00000000e1400000, 0x00000000e3400000, 0x0000000100000000)
   the space 32768K,  95% used [0x00000000e1400000, 0x00000000e32846f8, 0x00000000e3284800, 0x00000000e3400000)
 Metaspace       used 20451K, capacity 20654K, committed 20992K, reserved 1067008K
  class space    used 2458K, capacity 2548K, committed 2560K, reserved 1048576K
}
Event: 9.925 GC heap before
{Heap before GC invocations=11 (full 0):
 def new generation   total 14784K, used 8331K [0x00000000d1e00000, 0x00000000d2e00000, 0x00000000e1400000)
  eden space 13184K,  63% used [0x00000000d1e00000, 0x00000000d261eb98, 0x00000000d2ae0000)
  from space 1600K,   1% used [0x00000000d2c70000, 0x00000000d2c74108, 0x00000000d2e00000)
  to   space 1600K,   0% used [0x00000000d2ae0000, 0x00000000d2ae0000, 0x00000000d2c70000)
 tenured generation   total 32768K, used 31249K [0x00000000e1400000, 0x00000000e3400000, 0x0000000100000000)
   the space 32768K,  95% used [0x00000000e1400000, 0x00000000e32846f8, 0x00000000e3284800, 0x00000000e3400000)
 Metaspace       used 20548K, capacity 20718K, committed 20992K, reserved 1067008K
  class space    used 2470K, capacity 2548K, committed 2560K, reserved 1048576K
Event: 9.927 GC heap after
Heap after GC invocations=12 (full 0):
 def new generation   total 14784K, used 26K [0x00000000d1e00000, 0x00000000d2e00000, 0x00000000e1400000)
  eden space 13184K,   0% used [0x00000000d1e00000, 0x00000000d1e00000, 0x00000000d2ae0000)
  from space 1600K,   1% used [0x00000000d2ae0000, 0x00000000d2ae6b90, 0x00000000d2c70000)
  to   space 1600K,   0% used [0x00000000d2c70000, 0x00000000d2c70000, 0x00000000d2e00000)
 tenured generation   total 32768K, used 31249K [0x00000000e1400000, 0x00000000e3400000, 0x0000000100000000)
   the space 32768K,  95% used [0x00000000e1400000, 0x00000000e32846f8, 0x00000000e3284800, 0x00000000e3400000)
 Metaspace       used 20548K, capacity 20718K, committed 20992K, reserved 1067008K
  class space    used 2470K, capacity 2548K, committed 2560K, reserved 1048576K
}
Event: 10.008 GC heap before
{Heap before GC invocations=12 (full 0):
 def new generation   total 14784K, used 9454K [0x00000000d1e00000, 0x00000000d2e00000, 0x00000000e1400000)
  eden space 13184K,  71% used [0x00000000d1e00000, 0x00000000d2734e18, 0x00000000d2ae0000)
  from space 1600K,   1% used [0x00000000d2ae0000, 0x00000000d2ae6b90, 0x00000000d2c70000)
  to   space 1600K,   0% used [0x00000000d2c70000, 0x00000000d2c70000, 0x00000000d2e00000)
 tenured generation   total 32768K, used 31249K [0x00000000e1400000, 0x00000000e3400000, 0x0000000100000000)
   the space 32768K,  95% used [0x00000000e1400000, 0x00000000e32846f8, 0x00000000e3284800, 0x00000000e3400000)
 Metaspace       used 20785K, capacity 20942K, committed 21296K, reserved 1069056K
  class space    used 2500K, capacity 2580K, committed 2688K, reserved 1048576K
Event: 10.038 GC heap after
Heap after GC invocations=13 (full 1):
 def new generation   total 16896K, used 0K [0x00000000d1e00000, 0x00000000d3050000, 0x00000000e1400000)
  eden space 15040K,   0% used [0x00000000d1e00000, 0x00000000d1e00000, 0x00000000d2cb0000)
  from space 1856K,   0% used [0x00000000d2cb0000, 0x00000000d2cb0000, 0x00000000d2e80000)
  to   space 1856K,   0% used [0x00000000d2e80000, 0x00000000d2e80000, 0x00000000d3050000)
 tenured generation   total 37348K, used 22406K [0x00000000e1400000, 0x00000000e3879000, 0x0000000100000000)
   the space 37348K,  59% used [0x00000000e1400000, 0x00000000e29e19c8, 0x00000000e29e1a00, 0x00000000e3879000)
 Metaspace       used 20785K, capacity 20942K, committed 21296K, reserved 1069056K
  class space    used 2500K, capacity 2580K, committed 2688K, reserved 1048576K
}
Event: 12.776 GC heap before
{Heap before GC invocations=13 (full 1):
 def new generation   total 16896K, used 15040K [0x00000000d1e00000, 0x00000000d3050000, 0x00000000e1400000)
  eden space 15040K, 100% used [0x00000000d1e00000, 0x00000000d2cb0000, 0x00000000d2cb0000)
  from space 1856K,   0% used [0x00000000d2cb0000, 0x00000000d2cb0000, 0x00000000d2e80000)
  to   space 1856K,   0% used [0x00000000d2e80000, 0x00000000d2e80000, 0x00000000d3050000)
 tenured generation   total 37348K, used 22406K [0x00000000e1400000, 0x00000000e3879000, 0x0000000100000000)
   the space 37348K,  59% used [0x00000000e1400000, 0x00000000e29e19c8, 0x00000000e29e1a00, 0x00000000e3879000)
 Metaspace       used 25831K, capacity 26038K, committed 26368K, reserved 1073152K
  class space    used 3217K, capacity 3292K, committed 3328K, reserved 1048576K
Event: 12.824 GC heap after
Heap after GC invocations=14 (full 1):
 def new generation   total 16896K, used 1856K [0x00000000d1e00000, 0x00000000d3050000, 0x00000000e1400000)
  eden space 15040K,   0% used [0x00000000d1e00000, 0x00000000d1e00000, 0x00000000d2cb0000)
  from space 1856K, 100% used [0x00000000d2e80000, 0x00000000d3050000, 0x00000000d3050000)
  to   space 1856K,   0% used [0x00000000d2cb0000, 0x00000000d2cb0000, 0x00000000d2e80000)
 tenured generation   total 37348K, used 25623K [0x00000000e1400000, 0x00000000e3879000, 0x0000000100000000)
   the space 37348K,  68% used [0x00000000e1400000, 0x00000000e2d05c60, 0x00000000e2d05e00, 0x00000000e3879000)
 Metaspace       used 25831K, capacity 26038K, committed 26368K, reserved 1073152K
  class space    used 3217K, capacity 3292K, committed 3328K, reserved 1048576K
}

