# JRE version: Java(TM) SE Runtime Environment (8.0_111-b14) (build 1.8.0_111-b14)
# Java VM: Java HotSpot(TM) 64-Bit Server VM (25.111-b14 mixed mode linux-amd64 compressed oops)
Heap:
 def new generation   total 16896K, used 8174K [0x00000000d1e00000, 0x00000000d3050000, 0x00000000e1400000)
  eden space 15040K,  42% used [0x00000000d1e00000, 0x00000000d242fca0, 0x00000000d2cb0000)
  from space 1856K,  99% used [0x00000000d2e80000, 0x00000000d304be08, 0x00000000d3050000)
  to   space 1856K,   0% used [0x00000000d2cb0000, 0x00000000d2cb0000, 0x00000000d2e80000)
 tenured generation   total 37340K, used 25474K [0x00000000e1400000, 0x00000000e3877000, 0x0000000100000000)
   the space 37340K,  68% used [0x00000000e1400000, 0x00000000e2ce0bd0, 0x00000000e2ce0c00, 0x00000000e3877000)
 Metaspace       used 25677K, capacity 25928K, committed 26368K, reserved 1073152K
  class space    used 3199K, capacity 3295K, committed 3328K, reserved 1048576K
GC Heap History (10 events):
Event: 12.200 GC heap before
{Heap before GC invocations=9 (full 0):
 def new generation   total 14784K, used 13200K [0x00000000d1e00000, 0x00000000d2e00000, 0x00000000e1400000)
  eden space 13184K, 100% used [0x00000000d1e00000, 0x00000000d2ae0000, 0x00000000d2ae0000)
  from space 1600K,   1% used [0x00000000d2c70000, 0x00000000d2c74170, 0x00000000d2e00000)
  to   space 1600K,   0% used [0x00000000d2ae0000, 0x00000000d2ae0000, 0x00000000d2c70000)
 tenured generation   total 32768K, used 31246K [0x00000000e1400000, 0x00000000e3400000, 0x0000000100000000)
   the space 32768K,  95% used [0x00000000e1400000, 0x00000000e3283848, 0x00000000e3283a00, 0x00000000e3400000)
 Metaspace       used 20449K, capacity 20660K, committed 20992K, reserved 1067008K
  class space    used 2458K, capacity 2549K, committed 2560K, reserved 1048576K
Event: 12.202 GC heap after
Heap after GC invocations=10 (full 0):
 def new generation   total 14784K, used 16K [0x00000000d1e00000, 0x00000000d2e00000, 0x00000000e1400000)
  eden space 13184K,   0% used [0x00000000d1e00000, 0x00000000d1e00000, 0x00000000d2ae0000)
  from space 1600K,   1% used [0x00000000d2ae0000, 0x00000000d2ae4170, 0x00000000d2c70000)
  to   space 1600K,   0% used [0x00000000d2c70000, 0x00000000d2c70000, 0x00000000d2e00000)
 tenured generation   total 32768K, used 31246K [0x00000000e1400000, 0x00000000e3400000, 0x0000000100000000)
   the space 32768K,  95% used [0x00000000e1400000, 0x00000000e3283848, 0x00000000e3283a00, 0x00000000e3400000)
 Metaspace       used 20449K, capacity 20660K, committed 20992K, reserved 1067008K
  class space    used 2458K, capacity 2549K, committed 2560K, reserved 1048576K
}
Event: 12.229 GC heap before
{Heap before GC invocations=10 (full 0):
 def new generation   total 14784K, used 13200K [0x00000000d1e00000, 0x00000000d2e00000, 0x00000000e1400000)
  eden space 13184K, 100% used [0x00000000d1e00000, 0x00000000d2ae0000, 0x00000000d2ae0000)
  from space 1600K,   1% used [0x00000000d2ae0000, 0x00000000d2ae4170, 0x00000000d2c70000)
  to   space 1600K,   0% used [0x00000000d2c70000, 0x00000000d2c70000, 0x00000000d2e00000)
 tenured generation   total 32768K, used 31246K [0x00000000e1400000, 0x00000000e3400000, 0x0000000100000000)
   the space 32768K,  95% used [0x00000000e1400000, 0x00000000e3283848, 0x00000000e3283a00, 0x00000000e3400000)
 Metaspace       used 20449K, capacity 20660K, committed 20992K, reserved 1067008K
  class space    used 2458K, capacity 2549K, committed 2560K, reserved 1048576K
Event: 12.230 GC heap after
Heap after GC invocations=11 (full 0):
 def new generation   total 14784K, used 16K [0x00000000d1e00000, 0x00000000d2e00000, 0x00000000e1400000)
  eden space 13184K,   0% used [0x00000000d1e00000, 0x00000000d1e00000, 0x00000000d2ae0000)
  from space 1600K,   1% used [0x00000000d2c70000, 0x00000000d2c74170, 0x00000000d2e00000)
  to   space 1600K,   0% used [0x00000000d2ae0000, 0x00000000d2ae0000, 0x00000000d2c70000)
 tenured generation   total 32768K, used 31246K [0x00000000e1400000, 0x00000000e3400000, 0x0000000100000000)
   the space 32768K,  95% used [0x00000000e1400000, 0x00000000e3283848, 0x00000000e3283a00, 0x00000000e3400000)
 Metaspace       used 20449K, capacity 20660K, committed 20992K, reserved 1067008K
  class space    used 2458K, capacity 2549K, committed 2560K, reserved 1048576K
}
Event: 12.282 GC heap before
{Heap before GC invocations=11 (full 0):
 def new generation   total 14784K, used 8333K [0x00000000d1e00000, 0x00000000d2e00000, 0x00000000e1400000)
  eden space 13184K,  63% used [0x00000000d1e00000, 0x00000000d261f398, 0x00000000d2ae0000)
  from space 1600K,   1% used [0x00000000d2c70000, 0x00000000d2c74170, 0x00000000d2e00000)
  to   space 1600K,   0% used [0x00000000d2ae0000, 0x00000000d2ae0000, 0x00000000d2c70000)
 tenured generation   total 32768K, used 31246K [0x00000000e1400000, 0x00000000e3400000, 0x0000000100000000)
   the space 32768K,  95% used [0x00000000e1400000, 0x00000000e3283848, 0x00000000e3283a00, 0x00000000e3400000)
 Metaspace       used 20549K, capacity 20724K, committed 20992K, reserved 1067008K
  class space    used 2470K, capacity 2549K, committed 2560K, reserved 1048576K
Event: 12.284 GC heap after
Heap after GC invocations=12 (full 0):
 def new generation   total 14784K, used 27K [0x00000000d1e00000, 0x00000000d2e00000, 0x00000000e1400000)
  eden space 13184K,   0% used [0x00000000d1e00000, 0x00000000d1e00000, 0x00000000d2ae0000)
  from space 1600K,   1% used [0x00000000d2ae0000, 0x00000000d2ae6c48, 0x00000000d2c70000)
  to   space 1600K,   0% used [0x00000000d2c70000, 0x00000000d2c70000, 0x00000000d2e00000)
 tenured generation   total 32768K, used 31246K [0x00000000e1400000, 0x00000000e3400000, 0x0000000100000000)
   the space 32768K,  95% used [0x00000000e1400000, 0x00000000e3283848, 0x00000000e3283a00, 0x00000000e3400000)
 Metaspace       used 20549K, capacity 20724K, committed 20992K, reserved 1067008K
  class space    used 2470K, capacity 2549K, committed 2560K, reserved 1048576K
}
Event: 12.517 GC heap before
{Heap before GC invocations=12 (full 0):
 def new generation   total 14784K, used 9454K [0x00000000d1e00000, 0x00000000d2e00000, 0x00000000e1400000)
  eden space 13184K,  71% used [0x00000000d1e00000, 0x00000000d2734f78, 0x00000000d2ae0000)
  from space 1600K,   1% used [0x00000000d2ae0000, 0x00000000d2ae6c48, 0x00000000d2c70000)
  to   space 1600K,   0% used [0x00000000d2c70000, 0x00000000d2c70000, 0x00000000d2e00000)
 tenured generation   total 32768K, used 31246K [0x00000000e1400000, 0x00000000e3400000, 0x0000000100000000)
   the space 32768K,  95% used [0x00000000e1400000, 0x00000000e3283848, 0x00000000e3283a00, 0x00000000e3400000)
 Metaspace       used 20789K, capacity 20948K, committed 21296K, reserved 1069056K
  class space    used 2499K, capacity 2581K, committed 2688K, reserved 1048576K
Event: 12.925 GC heap after
Heap after GC invocations=13 (full 1):
 def new generation   total 16896K, used 0K [0x00000000d1e00000, 0x00000000d3050000, 0x00000000e1400000)
  eden space 15040K,   0% used [0x00000000d1e00000, 0x00000000d1e00000, 0x00000000d2cb0000)
  from space 1856K,   0% used [0x00000000d2cb0000, 0x00000000d2cb0000, 0x00000000d2e80000)
  to   space 1856K,   0% used [0x00000000d2e80000, 0x00000000d2e80000, 0x00000000d3050000)
 tenured generation   total 37340K, used 22402K [0x00000000e1400000, 0x00000000e3877000, 0x0000000100000000)
   the space 37340K,  59% used [0x00000000e1400000, 0x00000000e29e0ba0, 0x00000000e29e0c00, 0x00000000e3877000)
 Metaspace       used 20789K, capacity 20948K, committed 21296K, reserved 1069056K
  class space    used 2499K, capacity 2581K, committed 2688K, reserved 1048576K
}
Event: 18.017 GC heap before
{Heap before GC invocations=13 (full 1):
 def new generation   total 16896K, used 15040K [0x00000000d1e00000, 0x00000000d3050000, 0x00000000e1400000)
  eden space 15040K, 100% used [0x00000000d1e00000, 0x00000000d2cb0000, 0x00000000d2cb0000)
  from space 1856K,   0% used [0x00000000d2cb0000, 0x00000000d2cb0000, 0x00000000d2e80000)
  to   space 1856K,   0% used [0x00000000d2e80000, 0x00000000d2e80000, 0x00000000d3050000)
 tenured generation   total 37340K, used 22402K [0x00000000e1400000, 0x00000000e3877000, 0x0000000100000000)
   the space 37340K,  59% used [0x00000000e1400000, 0x00000000e29e0ba0, 0x00000000e29e0c00, 0x00000000e3877000)
 Metaspace       used 25502K, capacity 25692K, committed 26112K, reserved 1073152K
  class space    used 3182K, capacity 3261K, committed 3328K, reserved 1048576K
Event: 18.060 GC heap after
Heap after GC invocations=14 (full 1):
 def new generation   total 16896K, used 1839K [0x00000000d1e00000, 0x00000000d3050000, 0x00000000e1400000)
  eden space 15040K,   0% used [0x00000000d1e00000, 0x00000000d1e00000, 0x00000000d2cb0000)
  from space 1856K,  99% used [0x00000000d2e80000, 0x00000000d304be08, 0x00000000d3050000)
  to   space 1856K,   0% used [0x00000000d2cb0000, 0x00000000d2cb0000, 0x00000000d2e80000)
 tenured generation   total 37340K, used 25474K [0x00000000e1400000, 0x00000000e3877000, 0x0000000100000000)
   the space 37340K,  68% used [0x00000000e1400000, 0x00000000e2ce0bd0, 0x00000000e2ce0c00, 0x00000000e3877000)
 Metaspace       used 25502K, capacity 25692K, committed 26112K, reserved 1073152K
  class space    used 3182K, capacity 3261K, committed 3328K, reserved 1048576K
}

