# JRE version: Java(TM) SE Runtime Environment (8.0_111-b14) (build 1.8.0_111-b14)
# Java VM: Java HotSpot(TM) 64-Bit Server VM (25.111-b14 mixed mode linux-amd64 compressed oops)
Heap:
 def new generation   total 16896K, used 11157K [0x00000000d1e00000, 0x00000000d3050000, 0x00000000e1400000)
  eden space 15040K,  74% used [0x00000000d1e00000, 0x00000000d28e57f8, 0x00000000d2cb0000)
  from space 1856K,   0% used [0x00000000d2cb0000, 0x00000000d2cb0000, 0x00000000d2e80000)
  to   space 1856K,   0% used [0x00000000d2e80000, 0x00000000d2e80000, 0x00000000d3050000)
 tenured generation   total 37324K, used 22392K [0x00000000e1400000, 0x00000000e3873000, 0x0000000100000000)
   the space 37324K,  59% used [0x00000000e1400000, 0x00000000e29de198, 0x00000000e29de200, 0x00000000e3873000)
 Metaspace       used 25547K, capacity 25756K, committed 26160K, reserved 1073152K
  class space    used 3187K, capacity 3261K, committed 3376K, reserved 1048576K
GC Heap History (10 events):
Event: 9.233 GC heap before
{Heap before GC invocations=8 (full 0):
 def new generation   total 14784K, used 13200K [0x00000000d1e00000, 0x00000000d2e00000, 0x00000000e1400000)
  eden space 13184K, 100% used [0x00000000d1e00000, 0x00000000d2ae0000, 0x00000000d2ae0000)
  from space 1600K,   1% used [0x00000000d2ae0000, 0x00000000d2ae4170, 0x00000000d2c70000)
  to   space 1600K,   0% used [0x00000000d2c70000, 0x00000000d2c70000, 0x00000000d2e00000)
 tenured generation   total 32768K, used 31053K [0x00000000e1400000, 0x00000000e3400000, 0x0000000100000000)
   the space 32768K,  94% used [0x00000000e1400000, 0x00000000e3253540, 0x00000000e3253600, 0x00000000e3400000)
 Metaspace       used 20463K, capacity 20660K, committed 20992K, reserved 1067008K
  class space    used 2459K, capacity 2549K, committed 2560K, reserved 1048576K
Event: 9.235 GC heap after
Heap after GC invocations=9 (full 0):
 def new generation   total 14784K, used 16K [0x00000000d1e00000, 0x00000000d2e00000, 0x00000000e1400000)
  eden space 13184K,   0% used [0x00000000d1e00000, 0x00000000d1e00000, 0x00000000d2ae0000)
  from space 1600K,   1% used [0x00000000d2c70000, 0x00000000d2c74170, 0x00000000d2e00000)
  to   space 1600K,   0% used [0x00000000d2ae0000, 0x00000000d2ae0000, 0x00000000d2c70000)
 tenured generation   total 32768K, used 31053K [0x00000000e1400000, 0x00000000e3400000, 0x0000000100000000)
   the space 32768K,  94% used [0x00000000e1400000, 0x00000000e3253540, 0x00000000e3253600, 0x00000000e3400000)
 Metaspace       used 20463K, capacity 20660K, committed 20992K, reserved 1067008K
  class space    used 2459K, capacity 2549K, committed 2560K, reserved 1048576K
}
Event: 9.258 GC heap before
{Heap before GC invocations=9 (full 0):
 def new generation   total 14784K, used 13200K [0x00000000d1e00000, 0x00000000d2e00000, 0x00000000e1400000)
  eden space 13184K, 100% used [0x00000000d1e00000, 0x00000000d2ae0000, 0x00000000d2ae0000)
  from space 1600K,   1% used [0x00000000d2c70000, 0x00000000d2c74170, 0x00000000d2e00000)
  to   space 1600K,   0% used [0x00000000d2ae0000, 0x00000000d2ae0000, 0x00000000d2c70000)
 tenured generation   total 32768K, used 31053K [0x00000000e1400000, 0x00000000e3400000, 0x0000000100000000)
   the space 32768K,  94% used [0x00000000e1400000, 0x00000000e3253540, 0x00000000e3253600, 0x00000000e3400000)
 Metaspace       used 20463K, capacity 20660K, committed 20992K, reserved 1067008K
  class space    used 2459K, capacity 2549K, committed 2560K, reserved 1048576K
Event: 9.260 GC heap after
Heap after GC invocations=10 (full 0):
 def new generation   total 14784K, used 16K [0x00000000d1e00000, 0x00000000d2e00000, 0x00000000e1400000)
  eden space 13184K,   0% used [0x00000000d1e00000, 0x00000000d1e00000, 0x00000000d2ae0000)
  from space 1600K,   1% used [0x00000000d2ae0000, 0x00000000d2ae4170, 0x00000000d2c70000)
  to   space 1600K,   0% used [0x00000000d2c70000, 0x00000000d2c70000, 0x00000000d2e00000)
 tenured generation   total 32768K, used 31053K [0x00000000e1400000, 0x00000000e3400000, 0x0000000100000000)
   the space 32768K,  94% used [0x00000000e1400000, 0x00000000e3253540, 0x00000000e3253600, 0x00000000e3400000)
 Metaspace       used 20463K, capacity 20660K, committed 20992K, reserved 1067008K
  class space    used 2459K, capacity 2549K, committed 2560K, reserved 1048576K
}
Event: 9.281 GC heap before
{Heap before GC invocations=10 (full 0):
 def new generation   total 14784K, used 13200K [0x00000000d1e00000, 0x00000000d2e00000, 0x00000000e1400000)
  eden space 13184K, 100% used [0x00000000d1e00000, 0x00000000d2ae0000, 0x00000000d2ae0000)
  from space 1600K,   1% used [0x00000000d2ae0000, 0x00000000d2ae4170, 0x00000000d2c70000)
  to   space 1600K,   0% used [0x00000000d2c70000, 0x00000000d2c70000, 0x00000000d2e00000)
 tenured generation   total 32768K, used 31053K [0x00000000e1400000, 0x00000000e3400000, 0x0000000100000000)
   the space 32768K,  94% used [0x00000000e1400000, 0x00000000e3253540, 0x00000000e3253600, 0x00000000e3400000)
 Metaspace       used 20463K, capacity 20660K, committed 20992K, reserved 1067008K
  class space    used 2459K, capacity 2549K, committed 2560K, reserved 1048576K
Event: 9.283 GC heap after
Heap after GC invocations=11 (full 0):
 def new generation   total 14784K, used 16K [0x00000000d1e00000, 0x00000000d2e00000, 0x00000000e1400000)
  eden space 13184K,   0% used [0x00000000d1e00000, 0x00000000d1e00000, 0x00000000d2ae0000)
  from space 1600K,   1% used [0x00000000d2c70000, 0x00000000d2c74170, 0x00000000d2e00000)
  to   space 1600K,   0% used [0x00000000d2ae0000, 0x00000000d2ae0000, 0x00000000d2c70000)
 tenured generation   total 32768K, used 31053K [0x00000000e1400000, 0x00000000e3400000, 0x0000000100000000)
   the space 32768K,  94% used [0x00000000e1400000, 0x00000000e3253540, 0x00000000e3253600, 0x00000000e3400000)
 Metaspace       used 20463K, capacity 20660K, committed 20992K, reserved 1067008K
  class space    used 2459K, capacity 2549K, committed 2560K, reserved 1048576K
}
Event: 9.322 GC heap before
{Heap before GC invocations=11 (full 0):
 def new generation   total 14784K, used 8329K [0x00000000d1e00000, 0x00000000d2e00000, 0x00000000e1400000)
  eden space 13184K,  63% used [0x00000000d1e00000, 0x00000000d261e680, 0x00000000d2ae0000)
  from space 1600K,   1% used [0x00000000d2c70000, 0x00000000d2c74170, 0x00000000d2e00000)
  to   space 1600K,   0% used [0x00000000d2ae0000, 0x00000000d2ae0000, 0x00000000d2c70000)
 tenured generation   total 32768K, used 31053K [0x00000000e1400000, 0x00000000e3400000, 0x0000000100000000)
   the space 32768K,  94% used [0x00000000e1400000, 0x00000000e3253540, 0x00000000e3253600, 0x00000000e3400000)
 Metaspace       used 20557K, capacity 20788K, committed 20992K, reserved 1067008K
  class space    used 2471K, capacity 2549K, committed 2560K, reserved 1048576K
Event: 9.324 GC heap after
Heap after GC invocations=12 (full 0):
 def new generation   total 14784K, used 26K [0x00000000d1e00000, 0x00000000d2e00000, 0x00000000e1400000)
  eden space 13184K,   0% used [0x00000000d1e00000, 0x00000000d1e00000, 0x00000000d2ae0000)
  from space 1600K,   1% used [0x00000000d2ae0000, 0x00000000d2ae6bb0, 0x00000000d2c70000)
  to   space 1600K,   0% used [0x00000000d2c70000, 0x00000000d2c70000, 0x00000000d2e00000)
 tenured generation   total 32768K, used 31053K [0x00000000e1400000, 0x00000000e3400000, 0x0000000100000000)
   the space 32768K,  94% used [0x00000000e1400000, 0x00000000e3253540, 0x00000000e3253600, 0x00000000e3400000)
 Metaspace       used 20557K, capacity 20788K, committed 20992K, reserved 1067008K
  class space    used 2471K, capacity 2549K, committed 2560K, reserved 1048576K
}
Event: 9.358 GC heap before
{Heap before GC invocations=12 (full 0):
 def new generation   total 14784K, used 9469K [0x00000000d1e00000, 0x00000000d2e00000, 0x00000000e1400000)
  eden space 13184K,  71% used [0x00000000d1e00000, 0x00000000d27389f8, 0x00000000d2ae0000)
  from space 1600K,   1% used [0x00000000d2ae0000, 0x00000000d2ae6bb0, 0x00000000d2c70000)
  to   space 1600K,   0% used [0x00000000d2c70000, 0x00000000d2c70000, 0x00000000d2e00000)
 tenured generation   total 32768K, used 31053K [0x00000000e1400000, 0x00000000e3400000, 0x0000000100000000)
   the space 32768K,  94% used [0x00000000e1400000, 0x00000000e3253540, 0x00000000e3253600, 0x00000000e3400000)
 Metaspace       used 20812K, capacity 21076K, committed 21296K, reserved 1069056K
  class space    used 2503K, capacity 2581K, committed 2608K, reserved 1048576K
Event: 9.386 GC heap after
Heap after GC invocations=13 (full 1):
 def new generation   total 16896K, used 0K [0x00000000d1e00000, 0x00000000d3050000, 0x00000000e1400000)
  eden space 15040K,   0% used [0x00000000d1e00000, 0x00000000d1e00000, 0x00000000d2cb0000)
  from space 1856K,   0% used [0x00000000d2cb0000, 0x00000000d2cb0000, 0x00000000d2e80000)
  to   space 1856K,   0% used [0x00000000d2e80000, 0x00000000d2e80000, 0x00000000d3050000)
 tenured generation   total 37324K, used 22392K [0x00000000e1400000, 0x00000000e3873000, 0x0000000100000000)
   the space 37324K,  59% used [0x00000000e1400000, 0x00000000e29de198, 0x00000000e29de200, 0x00000000e3873000)
 Metaspace       used 20812K, capacity 21076K, committed 21296K, reserved 1069056K
  class space    used 2503K, capacity 2581K, committed 2608K, reserved 1048576K
}

