# JRE version: Java(TM) SE Runtime Environment (8.0_111-b14) (build 1.8.0_111-b14)
# Java VM: Java HotSpot(TM) 64-Bit Server VM (25.111-b14 mixed mode linux-amd64 compressed oops)
Heap:
 def new generation   total 16768K, used 9848K [0x00000000d1e00000, 0x00000000d3030000, 0x00000000e1400000)
  eden space 14912K,  53% used [0x00000000d1e00000, 0x00000000d25ce3c0, 0x00000000d2c90000)
  from space 1856K, 100% used [0x00000000d2e60000, 0x00000000d3030000, 0x00000000d3030000)
  to   space 1856K,   0% used [0x00000000d2c90000, 0x00000000d2c90000, 0x00000000d2e60000)
 tenured generation   total 37180K, used 25434K [0x00000000e1400000, 0x00000000e384f000, 0x0000000100000000)
   the space 37180K,  68% used [0x00000000e1400000, 0x00000000e2cd6a80, 0x00000000e2cd6c00, 0x00000000e384f000)
 Metaspace       used 25884K, capacity 26184K, committed 26624K, reserved 1073152K
  class space    used 3216K, capacity 3295K, committed 3328K, reserved 1048576K
GC Heap History (10 events):
Event: 13.994 GC heap before
{Heap before GC invocations=9 (full 0):
 def new generation   total 14784K, used 13200K [0x00000000d1e00000, 0x00000000d2e00000, 0x00000000e1400000)
  eden space 13184K, 100% used [0x00000000d1e00000, 0x00000000d2ae0000, 0x00000000d2ae0000)
  from space 1600K,   1% used [0x00000000d2c70000, 0x00000000d2c74170, 0x00000000d2e00000)
  to   space 1600K,   0% used [0x00000000d2ae0000, 0x00000000d2ae0000, 0x00000000d2c70000)
 tenured generation   total 32768K, used 31170K [0x00000000e1400000, 0x00000000e3400000, 0x0000000100000000)
   the space 32768K,  95% used [0x00000000e1400000, 0x00000000e32708b8, 0x00000000e3270a00, 0x00000000e3400000)
 Metaspace       used 20469K, capacity 20724K, committed 20992K, reserved 1067008K
  class space    used 2459K, capacity 2549K, committed 2560K, reserved 1048576K
Event: 13.995 GC heap after
Heap after GC invocations=10 (full 0):
 def new generation   total 14784K, used 16K [0x00000000d1e00000, 0x00000000d2e00000, 0x00000000e1400000)
  eden space 13184K,   0% used [0x00000000d1e00000, 0x00000000d1e00000, 0x00000000d2ae0000)
  from space 1600K,   1% used [0x00000000d2ae0000, 0x00000000d2ae4170, 0x00000000d2c70000)
  to   space 1600K,   0% used [0x00000000d2c70000, 0x00000000d2c70000, 0x00000000d2e00000)
 tenured generation   total 32768K, used 31170K [0x00000000e1400000, 0x00000000e3400000, 0x0000000100000000)
   the space 32768K,  95% used [0x00000000e1400000, 0x00000000e32708b8, 0x00000000e3270a00, 0x00000000e3400000)
 Metaspace       used 20469K, capacity 20724K, committed 20992K, reserved 1067008K
  class space    used 2459K, capacity 2549K, committed 2560K, reserved 1048576K
}
Event: 14.016 GC heap before
{Heap before GC invocations=10 (full 0):
 def new generation   total 14784K, used 13200K [0x00000000d1e00000, 0x00000000d2e00000, 0x00000000e1400000)
  eden space 13184K, 100% used [0x00000000d1e00000, 0x00000000d2ae0000, 0x00000000d2ae0000)
  from space 1600K,   1% used [0x00000000d2ae0000, 0x00000000d2ae4170, 0x00000000d2c70000)
  to   space 1600K,   0% used [0x00000000d2c70000, 0x00000000d2c70000, 0x00000000d2e00000)
 tenured generation   total 32768K, used 31170K [0x00000000e1400000, 0x00000000e3400000, 0x0000000100000000)
   the space 32768K,  95% used [0x00000000e1400000, 0x00000000e32708b8, 0x00000000e3270a00, 0x00000000e3400000)
 Metaspace       used 20469K, capacity 20724K, committed 20992K, reserved 1067008K
  class space    used 2459K, capacity 2549K, committed 2560K, reserved 1048576K
Event: 14.018 GC heap after
Heap after GC invocations=11 (full 0):
 def new generation   total 14784K, used 16K [0x00000000d1e00000, 0x00000000d2e00000, 0x00000000e1400000)
  eden space 13184K,   0% used [0x00000000d1e00000, 0x00000000d1e00000, 0x00000000d2ae0000)
  from space 1600K,   1% used [0x00000000d2c70000, 0x00000000d2c74170, 0x00000000d2e00000)
  to   space 1600K,   0% used [0x00000000d2ae0000, 0x00000000d2ae0000, 0x00000000d2c70000)
 tenured generation   total 32768K, used 31170K [0x00000000e1400000, 0x00000000e3400000, 0x0000000100000000)
   the space 32768K,  95% used [0x00000000e1400000, 0x00000000e32708b8, 0x00000000e3270a00, 0x00000000e3400000)
 Metaspace       used 20469K, capacity 20724K, committed 20992K, reserved 1067008K
  class space    used 2459K, capacity 2549K, committed 2560K, reserved 1048576K
}
Event: 14.065 GC heap before
{Heap before GC invocations=11 (full 0):
 def new generation   total 14784K, used 8329K [0x00000000d1e00000, 0x00000000d2e00000, 0x00000000e1400000)
  eden space 13184K,  63% used [0x00000000d1e00000, 0x00000000d261e680, 0x00000000d2ae0000)
  from space 1600K,   1% used [0x00000000d2c70000, 0x00000000d2c74170, 0x00000000d2e00000)
  to   space 1600K,   0% used [0x00000000d2ae0000, 0x00000000d2ae0000, 0x00000000d2c70000)
 tenured generation   total 32768K, used 31170K [0x00000000e1400000, 0x00000000e3400000, 0x0000000100000000)
   the space 32768K,  95% used [0x00000000e1400000, 0x00000000e32708b8, 0x00000000e3270a00, 0x00000000e3400000)
 Metaspace       used 20568K, capacity 20788K, committed 20992K, reserved 1067008K
  class space    used 2471K, capacity 2549K, committed 2560K, reserved 1048576K
Event: 14.067 GC heap after
Heap after GC invocations=12 (full 0):
 def new generation   total 14784K, used 27K [0x00000000d1e00000, 0x00000000d2e00000, 0x00000000e1400000)
  eden space 13184K,   0% used [0x00000000d1e00000, 0x00000000d1e00000, 0x00000000d2ae0000)
  from space 1600K,   1% used [0x00000000d2ae0000, 0x00000000d2ae6c48, 0x00000000d2c70000)
  to   space 1600K,   0% used [0x00000000d2c70000, 0x00000000d2c70000, 0x00000000d2e00000)
 tenured generation   total 32768K, used 31170K [0x00000000e1400000, 0x00000000e3400000, 0x0000000100000000)
   the space 32768K,  95% used [0x00000000e1400000, 0x00000000e32708b8, 0x00000000e3270a00, 0x00000000e3400000)
 Metaspace       used 20568K, capacity 20788K, committed 20992K, reserved 1067008K
  class space    used 2471K, capacity 2549K, committed 2560K, reserved 1048576K
}
Event: 14.122 GC heap before
{Heap before GC invocations=12 (full 0):
 def new generation   total 14784K, used 8953K [0x00000000d1e00000, 0x00000000d2e00000, 0x00000000e1400000)
  eden space 13184K,  67% used [0x00000000d1e00000, 0x00000000d26b7b28, 0x00000000d2ae0000)
  from space 1600K,   1% used [0x00000000d2ae0000, 0x00000000d2ae6c48, 0x00000000d2c70000)
  to   space 1600K,   0% used [0x00000000d2c70000, 0x00000000d2c70000, 0x00000000d2e00000)
 tenured generation   total 32768K, used 31170K [0x00000000e1400000, 0x00000000e3400000, 0x0000000100000000)
   the space 32768K,  95% used [0x00000000e1400000, 0x00000000e32708b8, 0x00000000e3270a00, 0x00000000e3400000)
 Metaspace       used 20751K, capacity 20948K, committed 21296K, reserved 1069056K
  class space    used 2497K, capacity 2581K, committed 2688K, reserved 1048576K
Event: 14.152 GC heap after
Heap after GC invocations=13 (full 1):
 def new generation   total 16768K, used 0K [0x00000000d1e00000, 0x00000000d3030000, 0x00000000e1400000)
  eden space 14912K,   0% used [0x00000000d1e00000, 0x00000000d1e00000, 0x00000000d2c90000)
  from space 1856K,   0% used [0x00000000d2c90000, 0x00000000d2c90000, 0x00000000d2e60000)
  to   space 1856K,   0% used [0x00000000d2e60000, 0x00000000d2e60000, 0x00000000d3030000)
 tenured generation   total 37180K, used 22306K [0x00000000e1400000, 0x00000000e384f000, 0x0000000100000000)
   the space 37180K,  59% used [0x00000000e1400000, 0x00000000e29c8a20, 0x00000000e29c8c00, 0x00000000e384f000)
 Metaspace       used 20751K, capacity 20948K, committed 21296K, reserved 1069056K
  class space    used 2497K, capacity 2581K, committed 2688K, reserved 1048576K
}
Event: 16.468 GC heap before
{Heap before GC invocations=13 (full 1):
 def new generation   total 16768K, used 14912K [0x00000000d1e00000, 0x00000000d3030000, 0x00000000e1400000)
  eden space 14912K, 100% used [0x00000000d1e00000, 0x00000000d2c90000, 0x00000000d2c90000)
  from space 1856K,   0% used [0x00000000d2c90000, 0x00000000d2c90000, 0x00000000d2e60000)
  to   space 1856K,   0% used [0x00000000d2e60000, 0x00000000d2e60000, 0x00000000d3030000)
 tenured generation   total 37180K, used 22306K [0x00000000e1400000, 0x00000000e384f000, 0x0000000100000000)
   the space 37180K,  59% used [0x00000000e1400000, 0x00000000e29c8a20, 0x00000000e29c8c00, 0x00000000e384f000)
 Metaspace       used 25563K, capacity 25756K, committed 26112K, reserved 1073152K
  class space    used 3180K, capacity 3261K, committed 3328K, reserved 1048576K
Event: 16.560 GC heap after
Heap after GC invocations=14 (full 1):
 def new generation   total 16768K, used 1856K [0x00000000d1e00000, 0x00000000d3030000, 0x00000000e1400000)
  eden space 14912K,   0% used [0x00000000d1e00000, 0x00000000d1e00000, 0x00000000d2c90000)
  from space 1856K, 100% used [0x00000000d2e60000, 0x00000000d3030000, 0x00000000d3030000)
  to   space 1856K,   0% used [0x00000000d2c90000, 0x00000000d2c90000, 0x00000000d2e60000)
 tenured generation   total 37180K, used 25434K [0x00000000e1400000, 0x00000000e384f000, 0x0000000100000000)
   the space 37180K,  68% used [0x00000000e1400000, 0x00000000e2cd6a80, 0x00000000e2cd6c00, 0x00000000e384f000)
 Metaspace       used 25563K, capacity 25756K, committed 26112K, reserved 1073152K
  class space    used 3180K, capacity 3261K, committed 3328K, reserved 1048576K
}

