# JRE version: Java(TM) SE Runtime Environment (8.0_111-b14) (build 1.8.0_111-b14)
# Java VM: Java HotSpot(TM) 64-Bit Server VM (25.111-b14 mixed mode linux-amd64 compressed oops)
Heap:
 def new generation   total 16896K, used 10153K [0x00000000d1e00000, 0x00000000d3050000, 0x00000000e1400000)
  eden space 15040K,  55% used [0x00000000d1e00000, 0x00000000d261db58, 0x00000000d2cb0000)
  from space 1856K,  99% used [0x00000000d2e80000, 0x00000000d304c9f8, 0x00000000d3050000)
  to   space 1856K,   0% used [0x00000000d2cb0000, 0x00000000d2cb0000, 0x00000000d2e80000)
 tenured generation   total 37376K, used 25495K [0x00000000e1400000, 0x00000000e3880000, 0x0000000100000000)
   the space 37376K,  68% used [0x00000000e1400000, 0x00000000e2ce5d88, 0x00000000e2ce5e00, 0x00000000e3880000)
 Metaspace       used 25859K, capacity 26056K, committed 26624K, reserved 1073152K
  class space    used 3218K, capacity 3295K, committed 3328K, reserved 1048576K
GC Heap History (10 events):
Event: 17.325 GC heap before
{Heap before GC invocations=9 (full 0):
 def new generation   total 14784K, used 13200K [0x00000000d1e00000, 0x00000000d2e00000, 0x00000000e1400000)
  eden space 13184K, 100% used [0x00000000d1e00000, 0x00000000d2ae0000, 0x00000000d2ae0000)
  from space 1600K,   1% used [0x00000000d2c70000, 0x00000000d2c74108, 0x00000000d2e00000)
  to   space 1600K,   0% used [0x00000000d2ae0000, 0x00000000d2ae0000, 0x00000000d2c70000)
 tenured generation   total 32768K, used 31241K [0x00000000e1400000, 0x00000000e3400000, 0x0000000100000000)
   the space 32768K,  95% used [0x00000000e1400000, 0x00000000e3282740, 0x00000000e3282800, 0x00000000e3400000)
 Metaspace       used 20435K, capacity 20660K, committed 20992K, reserved 1067008K
  class space    used 2458K, capacity 2549K, committed 2560K, reserved 1048576K
Event: 17.328 GC heap after
Heap after GC invocations=10 (full 0):
 def new generation   total 14784K, used 16K [0x00000000d1e00000, 0x00000000d2e00000, 0x00000000e1400000)
  eden space 13184K,   0% used [0x00000000d1e00000, 0x00000000d1e00000, 0x00000000d2ae0000)
  from space 1600K,   1% used [0x00000000d2ae0000, 0x00000000d2ae4108, 0x00000000d2c70000)
  to   space 1600K,   0% used [0x00000000d2c70000, 0x00000000d2c70000, 0x00000000d2e00000)
 tenured generation   total 32768K, used 31241K [0x00000000e1400000, 0x00000000e3400000, 0x0000000100000000)
   the space 32768K,  95% used [0x00000000e1400000, 0x00000000e3282740, 0x00000000e3282800, 0x00000000e3400000)
 Metaspace       used 20435K, capacity 20660K, committed 20992K, reserved 1067008K
  class space    used 2458K, capacity 2549K, committed 2560K, reserved 1048576K
}
Event: 17.358 GC heap before
{Heap before GC invocations=10 (full 0):
 def new generation   total 14784K, used 13200K [0x00000000d1e00000, 0x00000000d2e00000, 0x00000000e1400000)
  eden space 13184K, 100% used [0x00000000d1e00000, 0x00000000d2ae0000, 0x00000000d2ae0000)
  from space 1600K,   1% used [0x00000000d2ae0000, 0x00000000d2ae4108, 0x00000000d2c70000)
  to   space 1600K,   0% used [0x00000000d2c70000, 0x00000000d2c70000, 0x00000000d2e00000)
 tenured generation   total 32768K, used 31241K [0x00000000e1400000, 0x00000000e3400000, 0x0000000100000000)
   the space 32768K,  95% used [0x00000000e1400000, 0x00000000e3282740, 0x00000000e3282800, 0x00000000e3400000)
 Metaspace       used 20435K, capacity 20660K, committed 20992K, reserved 1067008K
  class space    used 2458K, capacity 2549K, committed 2560K, reserved 1048576K
Event: 17.359 GC heap after
Heap after GC invocations=11 (full 0):
 def new generation   total 14784K, used 16K [0x00000000d1e00000, 0x00000000d2e00000, 0x00000000e1400000)
  eden space 13184K,   0% used [0x00000000d1e00000, 0x00000000d1e00000, 0x00000000d2ae0000)
  from space 1600K,   1% used [0x00000000d2c70000, 0x00000000d2c74108, 0x00000000d2e00000)
  to   space 1600K,   0% used [0x00000000d2ae0000, 0x00000000d2ae0000, 0x00000000d2c70000)
 tenured generation   total 32768K, used 31241K [0x00000000e1400000, 0x00000000e3400000, 0x0000000100000000)
   the space 32768K,  95% used [0x00000000e1400000, 0x00000000e3282740, 0x00000000e3282800, 0x00000000e3400000)
 Metaspace       used 20435K, capacity 20660K, committed 20992K, reserved 1067008K
  class space    used 2458K, capacity 2549K, committed 2560K, reserved 1048576K
}
Event: 17.644 GC heap before
{Heap before GC invocations=11 (full 0):
 def new generation   total 14784K, used 8332K [0x00000000d1e00000, 0x00000000d2e00000, 0x00000000e1400000)
  eden space 13184K,  63% used [0x00000000d1e00000, 0x00000000d261f078, 0x00000000d2ae0000)
  from space 1600K,   1% used [0x00000000d2c70000, 0x00000000d2c74108, 0x00000000d2e00000)
  to   space 1600K,   0% used [0x00000000d2ae0000, 0x00000000d2ae0000, 0x00000000d2c70000)
 tenured generation   total 32768K, used 31241K [0x00000000e1400000, 0x00000000e3400000, 0x0000000100000000)
   the space 32768K,  95% used [0x00000000e1400000, 0x00000000e3282740, 0x00000000e3282800, 0x00000000e3400000)
 Metaspace       used 20530K, capacity 20724K, committed 20992K, reserved 1067008K
  class space    used 2470K, capacity 2549K, committed 2560K, reserved 1048576K
Event: 17.646 GC heap after
Heap after GC invocations=12 (full 0):
 def new generation   total 14784K, used 26K [0x00000000d1e00000, 0x00000000d2e00000, 0x00000000e1400000)
  eden space 13184K,   0% used [0x00000000d1e00000, 0x00000000d1e00000, 0x00000000d2ae0000)
  from space 1600K,   1% used [0x00000000d2ae0000, 0x00000000d2ae6b98, 0x00000000d2c70000)
  to   space 1600K,   0% used [0x00000000d2c70000, 0x00000000d2c70000, 0x00000000d2e00000)
 tenured generation   total 32768K, used 31241K [0x00000000e1400000, 0x00000000e3400000, 0x0000000100000000)
   the space 32768K,  95% used [0x00000000e1400000, 0x00000000e3282740, 0x00000000e3282800, 0x00000000e3400000)
 Metaspace       used 20530K, capacity 20724K, committed 20992K, reserved 1067008K
  class space    used 2470K, capacity 2549K, committed 2560K, reserved 1048576K
}
Event: 17.982 GC heap before
{Heap before GC invocations=12 (full 0):
 def new generation   total 14784K, used 9454K [0x00000000d1e00000, 0x00000000d2e00000, 0x00000000e1400000)
  eden space 13184K,  71% used [0x00000000d1e00000, 0x00000000d2734e58, 0x00000000d2ae0000)
  from space 1600K,   1% used [0x00000000d2ae0000, 0x00000000d2ae6b98, 0x00000000d2c70000)
  to   space 1600K,   0% used [0x00000000d2c70000, 0x00000000d2c70000, 0x00000000d2e00000)
 tenured generation   total 32768K, used 31241K [0x00000000e1400000, 0x00000000e3400000, 0x0000000100000000)
   the space 32768K,  95% used [0x00000000e1400000, 0x00000000e3282740, 0x00000000e3282800, 0x00000000e3400000)
 Metaspace       used 20774K, capacity 20948K, committed 21296K, reserved 1069056K
  class space    used 2499K, capacity 2581K, committed 2688K, reserved 1048576K
Event: 18.012 GC heap after
Heap after GC invocations=13 (full 1):
 def new generation   total 16896K, used 0K [0x00000000d1e00000, 0x00000000d3050000, 0x00000000e1400000)
  eden space 15040K,   0% used [0x00000000d1e00000, 0x00000000d1e00000, 0x00000000d2cb0000)
  from space 1856K,   0% used [0x00000000d2cb0000, 0x00000000d2cb0000, 0x00000000d2e80000)
  to   space 1856K,   0% used [0x00000000d2e80000, 0x00000000d2e80000, 0x00000000d3050000)
 tenured generation   total 37376K, used 22423K [0x00000000e1400000, 0x00000000e3880000, 0x0000000100000000)
   the space 37376K,  59% used [0x00000000e1400000, 0x00000000e29e5d58, 0x00000000e29e5e00, 0x00000000e3880000)
 Metaspace       used 20774K, capacity 20948K, committed 21296K, reserved 1069056K
  class space    used 2499K, capacity 2581K, committed 2688K, reserved 1048576K
}
Event: 23.034 GC heap before
{Heap before GC invocations=13 (full 1):
 def new generation   total 16896K, used 15040K [0x00000000d1e00000, 0x00000000d3050000, 0x00000000e1400000)
  eden space 15040K, 100% used [0x00000000d1e00000, 0x00000000d2cb0000, 0x00000000d2cb0000)
  from space 1856K,   0% used [0x00000000d2cb0000, 0x00000000d2cb0000, 0x00000000d2e80000)
  to   space 1856K,   0% used [0x00000000d2e80000, 0x00000000d2e80000, 0x00000000d3050000)
 tenured generation   total 37376K, used 22423K [0x00000000e1400000, 0x00000000e3880000, 0x0000000100000000)
   the space 37376K,  59% used [0x00000000e1400000, 0x00000000e29e5d58, 0x00000000e29e5e00, 0x00000000e3880000)
 Metaspace       used 25540K, capacity 25756K, committed 26112K, reserved 1073152K
  class space    used 3189K, capacity 3261K, committed 3328K, reserved 1048576K
Event: 23.056 GC heap after
Heap after GC invocations=14 (full 1):
 def new generation   total 16896K, used 1842K [0x00000000d1e00000, 0x00000000d3050000, 0x00000000e1400000)
  eden space 15040K,   0% used [0x00000000d1e00000, 0x00000000d1e00000, 0x00000000d2cb0000)
  from space 1856K,  99% used [0x00000000d2e80000, 0x00000000d304c9f8, 0x00000000d3050000)
  to   space 1856K,   0% used [0x00000000d2cb0000, 0x00000000d2cb0000, 0x00000000d2e80000)
 tenured generation   total 37376K, used 25495K [0x00000000e1400000, 0x00000000e3880000, 0x0000000100000000)
   the space 37376K,  68% used [0x00000000e1400000, 0x00000000e2ce5d88, 0x00000000e2ce5e00, 0x00000000e3880000)
 Metaspace       used 25540K, capacity 25756K, committed 26112K, reserved 1073152K
  class space    used 3189K, capacity 3261K, committed 3328K, reserved 1048576K
}

